

*******************************************************************************
Thu Jan 11 20:35:28 2018


FIT:    data read from 'corr_func.dat'
        format = z
        #datapoints = 24
        residuals are weighted equally (unit weight)

function used for fitting: f(x)
	f(x) = m*x+c
fitted parameters initialized with current variable values

iter      chisq       delta/lim  lambda   m             c            
   0 4.1269463480e+02   0.00e+00  1.85e+00    1.000000e+00   1.000000e+00
   4 1.2433903725e+00  -2.98e-07  1.85e-04   -1.085747e-01  -5.106891e-01

After 4 iterations the fit converged.
final sum of squares of residuals : 1.24339
rel. change during last iteration : -2.98086e-12

degrees of freedom    (FIT_NDF)                        : 22
rms of residuals      (FIT_STDFIT) = sqrt(WSSR/ndf)    : 0.237735
variance of residuals (reduced chisquare) = WSSR/ndf   : 0.0565177

Final set of parameters            Asymptotic Standard Error
=======================            ==========================
m               = -0.108575        +/- 0.05969      (54.98%)
c               = -0.510689        +/- 0.1446       (28.32%)

correlation matrix of the fit parameters:
                m      c      
m               1.000 
c              -0.942  1.000 
