

*******************************************************************************
Thu Jan 11 21:52:03 2018


FIT:    data read from 'corr_func.dat'
        format = z
        #datapoints = 14
        residuals are weighted equally (unit weight)

function used for fitting: f(x)
	f(x) = m*x+c
fitted parameters initialized with current variable values

iter      chisq       delta/lim  lambda   m             c            
   0 1.8755509823e+02   0.00e+00  1.55e+00    1.000000e+00   1.000000e+00
   4 8.5131310978e-02  -1.44e-06  1.55e-04   -2.034666e-01  -3.820223e-01

After 4 iterations the fit converged.
final sum of squares of residuals : 0.0851313
rel. change during last iteration : -1.43709e-11

degrees of freedom    (FIT_NDF)                        : 12
rms of residuals      (FIT_STDFIT) = sqrt(WSSR/ndf)    : 0.0842275
variance of residuals (reduced chisquare) = WSSR/ndf   : 0.00709428

Final set of parameters            Asymptotic Standard Error
=======================            ==========================
m               = -0.203467        +/- 0.03018      (14.83%)
c               = -0.382022        +/- 0.05878      (15.39%)

correlation matrix of the fit parameters:
                m      c      
m               1.000 
c              -0.924  1.000 


*******************************************************************************
Sun Jan 14 22:05:20 2018


FIT:    data read from 'r_corrfunc.dat'
        format = z
        #datapoints = 14
        residuals are weighted equally (unit weight)

function used for fitting: f(x)
	f(x) = m*x+c
fitted parameters initialized with current variable values

iter      chisq       delta/lim  lambda   m             c            
   0 1.8755509823e+02   0.00e+00  1.55e+00    1.000000e+00   1.000000e+00
   4 8.5131310978e-02  -1.44e-06  1.55e-04   -2.034666e-01  -3.820223e-01

After 4 iterations the fit converged.
final sum of squares of residuals : 0.0851313
rel. change during last iteration : -1.43709e-11

degrees of freedom    (FIT_NDF)                        : 12
rms of residuals      (FIT_STDFIT) = sqrt(WSSR/ndf)    : 0.0842275
variance of residuals (reduced chisquare) = WSSR/ndf   : 0.00709428

Final set of parameters            Asymptotic Standard Error
=======================            ==========================
m               = -0.203467        +/- 0.03018      (14.83%)
c               = -0.382022        +/- 0.05878      (15.39%)

correlation matrix of the fit parameters:
                m      c      
m               1.000 
c              -0.924  1.000 
