

*******************************************************************************
Fri Jan 12 00:33:02 2018


FIT:    data read from 'corr_func.dat'
        format = z
        #datapoints = 24
        residuals are weighted equally (unit weight)

function used for fitting: f(x)
	f(x) = m*x+c
fitted parameters initialized with current variable values

iter      chisq       delta/lim  lambda   m             c            
   0 4.2491353769e+02   0.00e+00  1.85e+00    1.000000e+00   1.000000e+00
   4 2.5147637978e-02  -1.05e-05  1.85e-04   -1.905314e-01  -3.771149e-01

After 4 iterations the fit converged.
final sum of squares of residuals : 0.0251476
rel. change during last iteration : -1.05309e-10

degrees of freedom    (FIT_NDF)                        : 22
rms of residuals      (FIT_STDFIT) = sqrt(WSSR/ndf)    : 0.0338094
variance of residuals (reduced chisquare) = WSSR/ndf   : 0.00114307

Final set of parameters            Asymptotic Standard Error
=======================            ==========================
m               = -0.190531        +/- 0.008489     (4.455%)
c               = -0.377115        +/- 0.02057      (5.454%)

correlation matrix of the fit parameters:
                m      c      
m               1.000 
c              -0.942  1.000 
