

*******************************************************************************
Mon Jan 15 08:29:32 2018


FIT:    data read from 'r_corrfunc_err.dat'
        format = z
        #datapoints = 39
        residuals are weighted equally (unit weight)

function used for fitting: f(x)
	f(x) = m*x+c
fitted parameters initialized with current variable values

iter      chisq       delta/lim  lambda   m             c            
   0 8.8334100310e+02   0.00e+00  2.15e+00    1.000000e+00   1.000000e+00
   4 5.9177353552e-02  -7.19e-06  2.15e-04   -1.928286e-01  -3.857062e-01

After 4 iterations the fit converged.
final sum of squares of residuals : 0.0591774
rel. change during last iteration : -7.19256e-11

degrees of freedom    (FIT_NDF)                        : 37
rms of residuals      (FIT_STDFIT) = sqrt(WSSR/ndf)    : 0.0399923
variance of residuals (reduced chisquare) = WSSR/ndf   : 0.00159939

Final set of parameters            Asymptotic Standard Error
=======================            ==========================
m               = -0.192829        +/- 0.007444     (3.861%)
c               = -0.385706        +/- 0.02134      (5.532%)

correlation matrix of the fit parameters:
                m      c      
m               1.000 
c              -0.954  1.000 
