

*******************************************************************************
Fri Jan 12 01:16:25 2018


FIT:    data read from 'corr_func.dat'
        format = z
        #datapoints = 9
        residuals are weighted equally (unit weight)

function used for fitting: f(x)
	f(x) = m*x+c
fitted parameters initialized with current variable values

iter      chisq       delta/lim  lambda   m             c            
   0 8.7664345429e+01   0.00e+00  1.32e+00    1.000000e+00   1.000000e+00
   4 3.7052075738e-03  -1.33e-05  1.32e-04   -1.692730e-01  -3.552990e-01

After 4 iterations the fit converged.
final sum of squares of residuals : 0.00370521
rel. change during last iteration : -1.33116e-10

degrees of freedom    (FIT_NDF)                        : 7
rms of residuals      (FIT_STDFIT) = sqrt(WSSR/ndf)    : 0.0230069
variance of residuals (reduced chisquare) = WSSR/ndf   : 0.000529315

Final set of parameters            Asymptotic Standard Error
=======================            ==========================
m               = -0.169273        +/- 0.01131      (6.681%)
c               = -0.355299        +/- 0.01782      (5.016%)

correlation matrix of the fit parameters:
                m      c      
m               1.000 
c              -0.903  1.000 
