

*******************************************************************************
Thu Jan 11 21:01:48 2018


FIT:    data read from 'corr_func.dat'
        format = z
        #datapoints = 14
        residuals are weighted equally (unit weight)

function used for fitting: f(x)
	f(x) = m*x+c
fitted parameters initialized with current variable values

iter      chisq       delta/lim  lambda   m             c            
   0 1.7905948175e+02   0.00e+00  1.55e+00    1.000000e+00   1.000000e+00
   4 8.1370941090e-02  -1.65e-06  1.55e-04   -1.532502e-01  -3.953338e-01

After 4 iterations the fit converged.
final sum of squares of residuals : 0.0813709
rel. change during last iteration : -1.65061e-11

degrees of freedom    (FIT_NDF)                        : 12
rms of residuals      (FIT_STDFIT) = sqrt(WSSR/ndf)    : 0.0823463
variance of residuals (reduced chisquare) = WSSR/ndf   : 0.00678091

Final set of parameters            Asymptotic Standard Error
=======================            ==========================
m               = -0.15325         +/- 0.0295       (19.25%)
c               = -0.395334        +/- 0.05747      (14.54%)

correlation matrix of the fit parameters:
                m      c      
m               1.000 
c              -0.924  1.000 
