

*******************************************************************************
Thu Jan 11 20:46:09 2018


FIT:    data read from 'corr_func.dat'
        format = z
        #datapoints = 4
        residuals are weighted equally (unit weight)

function used for fitting: f(x)
	f(x) = m*x+c
fitted parameters initialized with current variable values

iter      chisq       delta/lim  lambda   m             c            
   0 2.1628353067e+01   0.00e+00  9.75e-01    1.000000e+00   1.000000e+00
   4 8.5280580104e-04  -3.24e-07  9.75e-05   -1.710717e-01  -3.134825e-01

After 4 iterations the fit converged.
final sum of squares of residuals : 0.000852806
rel. change during last iteration : -3.24292e-12

degrees of freedom    (FIT_NDF)                        : 2
rms of residuals      (FIT_STDFIT) = sqrt(WSSR/ndf)    : 0.0206495
variance of residuals (reduced chisquare) = WSSR/ndf   : 0.000426403

Final set of parameters            Asymptotic Standard Error
=======================            ==========================
m               = -0.171072        +/- 0.01983      (11.59%)
c               = -0.313482        +/- 0.01884      (6.009%)

correlation matrix of the fit parameters:
                m      c      
m               1.000 
c              -0.836  1.000 
