

*******************************************************************************
Thu Jan 11 23:42:08 2018


FIT:    data read from 'corr_func.dat'
        format = z
        #datapoints = 14
        residuals are weighted equally (unit weight)

function used for fitting: f(x)
	f(x) = m*x+c
fitted parameters initialized with current variable values

iter      chisq       delta/lim  lambda   m             c            
   0 1.8133633075e+02   0.00e+00  1.55e+00    1.000000e+00   1.000000e+00
   4 8.4284468381e-03  -1.45e-05  1.55e-04   -1.782429e-01  -3.698183e-01

After 4 iterations the fit converged.
final sum of squares of residuals : 0.00842845
rel. change during last iteration : -1.45205e-10

degrees of freedom    (FIT_NDF)                        : 12
rms of residuals      (FIT_STDFIT) = sqrt(WSSR/ndf)    : 0.0265023
variance of residuals (reduced chisquare) = WSSR/ndf   : 0.000702371

Final set of parameters            Asymptotic Standard Error
=======================            ==========================
m               = -0.178243        +/- 0.009495     (5.327%)
c               = -0.369818        +/- 0.0185       (5.001%)

correlation matrix of the fit parameters:
                m      c      
m               1.000 
c              -0.924  1.000 
