

*******************************************************************************
Fri Jan 12 00:08:05 2018


FIT:    data read from 'corr_func.dat'
        format = z
        #datapoints = 19
        residuals are weighted equally (unit weight)

function used for fitting: f(x)
	f(x) = m*x+c
fitted parameters initialized with current variable values

iter      chisq       delta/lim  lambda   m             c            
   0 2.9396242809e+02   0.00e+00  1.72e+00    1.000000e+00   1.000000e+00
   4 1.3269217108e-02  -1.50e-05  1.72e-04   -1.801628e-01  -3.788415e-01

After 4 iterations the fit converged.
final sum of squares of residuals : 0.0132692
rel. change during last iteration : -1.50445e-10

degrees of freedom    (FIT_NDF)                        : 17
rms of residuals      (FIT_STDFIT) = sqrt(WSSR/ndf)    : 0.0279382
variance of residuals (reduced chisquare) = WSSR/ndf   : 0.000780542

Final set of parameters            Asymptotic Standard Error
=======================            ==========================
m               = -0.180163        +/- 0.008155     (4.527%)
c               = -0.378841        +/- 0.01806      (4.767%)

correlation matrix of the fit parameters:
                m      c      
m               1.000 
c              -0.935  1.000 
