

*******************************************************************************
Thu Jan 11 21:56:02 2018


FIT:    data read from 'corr_func.dat'
        format = z
        #datapoints = 14
        residuals are weighted equally (unit weight)

function used for fitting: f(x)
	f(x) = m*x+c
fitted parameters initialized with current variable values

iter      chisq       delta/lim  lambda   m             c            
   0 1.7942714545e+02   0.00e+00  1.55e+00    1.000000e+00   1.000000e+00
   4 1.3677913116e-02  -9.19e-06  1.55e-04   -1.659219e-01  -3.746565e-01

After 4 iterations the fit converged.
final sum of squares of residuals : 0.0136779
rel. change during last iteration : -9.19465e-11

degrees of freedom    (FIT_NDF)                        : 12
rms of residuals      (FIT_STDFIT) = sqrt(WSSR/ndf)    : 0.0337613
variance of residuals (reduced chisquare) = WSSR/ndf   : 0.00113983

Final set of parameters            Asymptotic Standard Error
=======================            ==========================
m               = -0.165922        +/- 0.0121       (7.29%)
c               = -0.374656        +/- 0.02356      (6.289%)

correlation matrix of the fit parameters:
                m      c      
m               1.000 
c              -0.924  1.000 
