

*******************************************************************************
Mon Jan 15 08:29:55 2018


FIT:    data read from 'r_corrfunc_err.dat'
        format = z
        #datapoints = 34
        residuals are weighted equally (unit weight)

function used for fitting: f(x)
	f(x) = m*x+c
fitted parameters initialized with current variable values

iter      chisq       delta/lim  lambda   m             c            
   0 7.2200700374e+02   0.00e+00  2.06e+00    1.000000e+00   1.000000e+00
   4 5.6579982296e-02  -7.21e-06  2.06e-04   -1.831424e-01  -4.149929e-01

After 4 iterations the fit converged.
final sum of squares of residuals : 0.05658
rel. change during last iteration : -7.21096e-11

degrees of freedom    (FIT_NDF)                        : 32
rms of residuals      (FIT_STDFIT) = sqrt(WSSR/ndf)    : 0.0420491
variance of residuals (reduced chisquare) = WSSR/ndf   : 0.00176812

Final set of parameters            Asymptotic Standard Error
=======================            ==========================
m               = -0.183142        +/- 0.008503     (4.643%)
c               = -0.414993        +/- 0.0233       (5.614%)

correlation matrix of the fit parameters:
                m      c      
m               1.000 
c              -0.951  1.000 
