

*******************************************************************************
Sun Jan 14 22:17:58 2018


FIT:    data read from 'r_corrfunc_err.dat'
        format = z
        #datapoints = 14
        residuals are weighted equally (unit weight)

function used for fitting: f(x)
	f(x) = m*x+c
fitted parameters initialized with current variable values

iter      chisq       delta/lim  lambda   m             c            
   0 1.8092972034e+02   0.00e+00  1.55e+00    1.000000e+00   1.000000e+00
   4 6.6925350082e-03  -1.85e-05  1.55e-04   -1.750003e-01  -3.721162e-01

After 4 iterations the fit converged.
final sum of squares of residuals : 0.00669254
rel. change during last iteration : -1.84666e-10

degrees of freedom    (FIT_NDF)                        : 12
rms of residuals      (FIT_STDFIT) = sqrt(WSSR/ndf)    : 0.0236159
variance of residuals (reduced chisquare) = WSSR/ndf   : 0.000557711

Final set of parameters            Asymptotic Standard Error
=======================            ==========================
m               = -0.175           +/- 0.008461     (4.835%)
c               = -0.372116        +/- 0.01648      (4.429%)

correlation matrix of the fit parameters:
                m      c      
m               1.000 
c              -0.924  1.000 
