

*******************************************************************************
Thu Jan 11 21:58:23 2018


FIT:    data read from 'corr_func.dat'
        format = z
        #datapoints = 14
        residuals are weighted equally (unit weight)

function used for fitting: f(x)
	f(x) = m*x+c
fitted parameters initialized with current variable values

iter      chisq       delta/lim  lambda   m             c            
   0 1.8168312312e+02   0.00e+00  1.55e+00    1.000000e+00   1.000000e+00
   4 1.8085843052e-02  -6.73e-06  1.55e-04   -1.804449e-01  -3.688908e-01

After 4 iterations the fit converged.
final sum of squares of residuals : 0.0180858
rel. change during last iteration : -6.73275e-11

degrees of freedom    (FIT_NDF)                        : 12
rms of residuals      (FIT_STDFIT) = sqrt(WSSR/ndf)    : 0.0388221
variance of residuals (reduced chisquare) = WSSR/ndf   : 0.00150715

Final set of parameters            Asymptotic Standard Error
=======================            ==========================
m               = -0.180445        +/- 0.01391      (7.708%)
c               = -0.368891        +/- 0.02709      (7.345%)

correlation matrix of the fit parameters:
                m      c      
m               1.000 
c              -0.924  1.000 
