

*******************************************************************************
Mon Jan 15 11:19:28 2018


FIT:    data read from 'r_corrfunc_err.dat'
        format = z
        #datapoints = 44
        residuals are weighted equally (unit weight)

function used for fitting: f(x)
	f(x) = m*x+c
fitted parameters initialized with current variable values

iter      chisq       delta/lim  lambda   m             c            
   0 1.0539619834e+03   0.00e+00  2.22e+00    1.000000e+00   1.000000e+00
   4 1.4642911125e-01  -3.43e-06  2.22e-04   -1.802918e-01  -4.232862e-01

After 4 iterations the fit converged.
final sum of squares of residuals : 0.146429
rel. change during last iteration : -3.42711e-11

degrees of freedom    (FIT_NDF)                        : 42
rms of residuals      (FIT_STDFIT) = sqrt(WSSR/ndf)    : 0.0590458
variance of residuals (reduced chisquare) = WSSR/ndf   : 0.00348641

Final set of parameters            Asymptotic Standard Error
=======================            ==========================
m               = -0.180292        +/- 0.01023      (5.673%)
c               = -0.423286        +/- 0.03046      (7.196%)

correlation matrix of the fit parameters:
                m      c      
m               1.000 
c              -0.956  1.000 


*******************************************************************************
Mon Jan 15 11:28:10 2018


FIT:    data read from 'r_corrfunc_err.dat'
        format = z
        #datapoints = 44
        residuals are weighted equally (unit weight)

function used for fitting: f(x)
	f(x) = m*x+c
fitted parameters initialized with current variable values

iter      chisq       delta/lim  lambda   m             c            
   0 1.4642911125e-01   0.00e+00  4.83e-01   -1.802918e-01  -4.232862e-01
   1 1.4642911125e-01  -3.79e-11  4.83e-01   -1.802918e-01  -4.232862e-01

After 1 iterations the fit converged.
final sum of squares of residuals : 0.146429
rel. change during last iteration : -3.79099e-16

degrees of freedom    (FIT_NDF)                        : 42
rms of residuals      (FIT_STDFIT) = sqrt(WSSR/ndf)    : 0.0590458
variance of residuals (reduced chisquare) = WSSR/ndf   : 0.00348641

Final set of parameters            Asymptotic Standard Error
=======================            ==========================
m               = -0.180292        +/- 0.01023      (5.673%)
c               = -0.423286        +/- 0.03046      (7.196%)

correlation matrix of the fit parameters:
                m      c      
m               1.000 
c              -0.956  1.000 
