

*******************************************************************************
Thu Jan 11 21:06:59 2018


FIT:    data read from 'corr_func.dat'
        format = z
        #datapoints = 19
        residuals are weighted equally (unit weight)

function used for fitting: f(x)
	f(x) = m*x+c
fitted parameters initialized with current variable values

iter      chisq       delta/lim  lambda   m             c            
   0 2.9618968333e+02   0.00e+00  1.72e+00    1.000000e+00   1.000000e+00
   4 2.8566914279e-01  -7.41e-07  1.72e-04   -1.756060e-01  -4.025756e-01

After 4 iterations the fit converged.
final sum of squares of residuals : 0.285669
rel. change during last iteration : -7.40727e-12

degrees of freedom    (FIT_NDF)                        : 17
rms of residuals      (FIT_STDFIT) = sqrt(WSSR/ndf)    : 0.129631
variance of residuals (reduced chisquare) = WSSR/ndf   : 0.0168041

Final set of parameters            Asymptotic Standard Error
=======================            ==========================
m               = -0.175606        +/- 0.03784      (21.55%)
c               = -0.402576        +/- 0.0838       (20.82%)

correlation matrix of the fit parameters:
                m      c      
m               1.000 
c              -0.935  1.000 
